<?xml version="1.0" encoding="UTF-8"?>
<testsuite xmlns:xsi="http://www.w3.org/2001/XMLSchema-instance" xsi:noNamespaceSchemaLocation="https://maven.apache.org/surefire/maven-surefire-plugin/xsd/surefire-test-report-3.0.xsd" version="3.0" name="ru.mcp.bsl.Mcp1cBslServerIntegrationTest" time="1.383" tests="1" errors="0" skipped="0" failures="0">
  <properties>
[...]
</properties>
  <testcase name="serverExposesBslToolsAndAnalyzesCode(Path)" classname="ru.mcp.bsl.Mcp1cBslServerIntegrationTest" time="1.378">
    <system-err><![CDATA[SLF4J: No SLF4J providers were found.
SLF4J: Defaulting to no-operation (NOP) logger implementation
SLF4J: See https://www.slf4j.org/codes.html#noProviders for further details.
MCP 1C BSL: HTTP на http://0.0.0.0:43079/mcp
]]></system-err>
  </testcase>
</testsuite>